<?xml version="1.0" encoding="UTF-8"?><testrun name="testeBuscaCursos" project="testeSenai" tests="1" started="1" failures="0" errors="1" ignored="0">
  <testsuite name="testeSenai.testeBuscaCursos" time="0.093">
    <testcase name="testeNavegador" classname="testeSenai.testeBuscaCursos" time="0.093">
      <error>java.lang.IllegalStateException: The driver executable does not exist: C:\Program Files\chromedriver\chromedriver.exe&#13;
	at com.google.common.base.Preconditions.checkState(Preconditions.java:585)&#13;
	at org.openqa.selenium.remote.service.DriverService.checkExecutable(DriverService.java:146)&#13;
	at org.openqa.selenium.remote.service.DriverService.findExecutable(DriverService.java:141)&#13;
	at org.openqa.selenium.chrome.ChromeDriverService.access$000(ChromeDriverService.java:35)&#13;
	at org.openqa.selenium.chrome.ChromeDriverService$Builder.findDefaultExecutable(ChromeDriverService.java:159)&#13;
	at org.openqa.selenium.remote.service.DriverService$Builder.build(DriverService.java:355)&#13;
	at org.openqa.selenium.chrome.ChromeDriverService.createDefaultService(ChromeDriverService.java:94)&#13;
	at org.openqa.selenium.chrome.ChromeDriver.&lt;init&gt;(ChromeDriver.java:123)&#13;
	at testeSenai.testeBuscaCursos.abrirNavegador(testeBuscaCursos.java:14)&#13;
	at java.base/jdk.internal.reflect.DirectMethodHandleAccessor.invoke(DirectMethodHandleAccessor.java:104)&#13;
	at java.base/java.lang.reflect.Method.invoke(Method.java:577)&#13;
	at org.junit.internal.runners.MethodRoadie.runBefores(MethodRoadie.java:122)&#13;
	at org.junit.internal.runners.MethodRoadie.runBeforesThenTestThenAfters(MethodRoadie.java:86)&#13;
	at org.junit.internal.runners.MethodRoadie.runTest(MethodRoadie.java:77)&#13;
	at org.junit.internal.runners.MethodRoadie.run(MethodRoadie.java:42)&#13;
	at org.junit.internal.runners.JUnit4ClassRunner.invokeTestMethod(JUnit4ClassRunner.java:88)&#13;
	at org.junit.internal.runners.JUnit4ClassRunner.runMethods(JUnit4ClassRunner.java:51)&#13;
	at org.junit.internal.runners.JUnit4ClassRunner$1.run(JUnit4ClassRunner.java:44)&#13;
	at org.junit.internal.runners.ClassRoadie.runUnprotected(ClassRoadie.java:27)&#13;
	at org.junit.internal.runners.ClassRoadie.runProtected(ClassRoadie.java:37)&#13;
	at org.junit.internal.runners.JUnit4ClassRunner.run(JUnit4ClassRunner.java:42)&#13;
	at org.eclipse.jdt.internal.junit4.runner.JUnit4TestReference.run(JUnit4TestReference.java:93)&#13;
	at org.eclipse.jdt.internal.junit.runner.TestExecution.run(TestExecution.java:40)&#13;
	at org.eclipse.jdt.internal.junit.runner.RemoteTestRunner.runTests(RemoteTestRunner.java:529)&#13;
	at org.eclipse.jdt.internal.junit.runner.RemoteTestRunner.runTests(RemoteTestRunner.java:756)&#13;
	at org.eclipse.jdt.internal.junit.runner.RemoteTestRunner.run(RemoteTestRunner.java:452)&#13;
	at org.eclipse.jdt.internal.junit.runner.RemoteTestRunner.main(RemoteTestRunner.java:210)&#13;
&#13;
</error>
    </testcase>
  </testsuite>
</testrun>
